

Started GET "/" for 127.0.0.1 at 2011-03-21 17:40:31 -0700
  Processing by PageController#home as HTML
  [1m[36mSQL (1.6ms)[0m  [1m SELECT name
 FROM sqlite_master
 WHERE type = 'table' AND NOT name = 'sqlite_sequence'
[0m
  [1m[35mUser Load (0.4ms)[0m  SELECT "users".* FROM "users" WHERE "users"."id" = 1 LIMIT 1
  [1m[36mMicropost Load (5.1ms)[0m  [1mSELECT "microposts".* FROM "microposts" WHERE (user_id IN (SELECT followed_id FROM relationships
 WHERE follower_id = 1) OR user_id = 1) ORDER BY microposts.created_at DESC LIMIT 30 OFFSET 0[0m
  [1m[35mSQL (0.3ms)[0m  SELECT COUNT(*) FROM "microposts" WHERE (user_id IN (SELECT followed_id FROM relationships
 WHERE follower_id = 1) OR user_id = 1)
Rendered shared/_error_messages.html.erb (0.5ms)
Rendered shared/_micropost_form.html.erb (6.1ms)
  [1m[36mUser Load (0.3ms)[0m  [1mSELECT "users".* FROM "users" WHERE "users"."id" = 6 LIMIT 1[0m
  [1m[35mCACHE (0.0ms)[0m  SELECT "users".* FROM "users" WHERE "users"."id" = 6 LIMIT 1
  [1m[36mCACHE (0.0ms)[0m  [1mSELECT "users".* FROM "users" WHERE "users"."id" = 6 LIMIT 1[0m
  [1m[35mCACHE (0.0ms)[0m  SELECT "users".* FROM "users" WHERE "users"."id" = 6 LIMIT 1
  [1m[36mCACHE (0.0ms)[0m  [1mSELECT "users".* FROM "users" WHERE "users"."id" = 6 LIMIT 1[0m
  [1m[35mCACHE (0.0ms)[0m  SELECT "users".* FROM "users" WHERE "users"."id" = 6 LIMIT 1
  [1m[36mCACHE (0.0ms)[0m  [1mSELECT "users".* FROM "users" WHERE "users"."id" = 6 LIMIT 1[0m
  [1m[35mCACHE (0.0ms)[0m  SELECT "users".* FROM "users" WHERE "users"."id" = 6 LIMIT 1
  [1m[36mCACHE (0.0ms)[0m  [1mSELECT "users".* FROM "users" WHERE "users"."id" = 6 LIMIT 1[0m
  [1m[35mCACHE (0.0ms)[0m  SELECT "users".* FROM "users" WHERE "users"."id" = 6 LIMIT 1
  [1m[36mCACHE (0.0ms)[0m  [1mSELECT "users".* FROM "users" WHERE "users"."id" = 6 LIMIT 1[0m
  [1m[35mCACHE (0.0ms)[0m  SELECT "users".* FROM "users" WHERE "users"."id" = 6 LIMIT 1
  [1m[36mCACHE (0.0ms)[0m  [1mSELECT "users".* FROM "users" WHERE "users"."id" = 6 LIMIT 1[0m
  [1m[35mCACHE (0.0ms)[0m  SELECT "users".* FROM "users" WHERE "users"."id" = 6 LIMIT 1
  [1m[36mCACHE (0.0ms)[0m  [1mSELECT "users".* FROM "users" WHERE "users"."id" = 6 LIMIT 1[0m
  [1m[35mCACHE (0.0ms)[0m  SELECT "users".* FROM "users" WHERE "users"."id" = 6 LIMIT 1
  [1m[36mCACHE (0.0ms)[0m  [1mSELECT "users".* FROM "users" WHERE "users"."id" = 6 LIMIT 1[0m
  [1m[35mCACHE (0.0ms)[0m  SELECT "users".* FROM "users" WHERE "users"."id" = 6 LIMIT 1
  [1m[36mCACHE (0.0ms)[0m  [1mSELECT "users".* FROM "users" WHERE "users"."id" = 6 LIMIT 1[0m
  [1m[35mCACHE (0.0ms)[0m  SELECT "users".* FROM "users" WHERE "users"."id" = 6 LIMIT 1
  [1m[36mCACHE (0.0ms)[0m  [1mSELECT "users".* FROM "users" WHERE "users"."id" = 6 LIMIT 1[0m
  [1m[35mCACHE (0.0ms)[0m  SELECT "users".* FROM "users" WHERE "users"."id" = 6 LIMIT 1
  [1m[36mCACHE (0.0ms)[0m  [1mSELECT "users".* FROM "users" WHERE "users"."id" = 6 LIMIT 1[0m
  [1m[35mCACHE (0.0ms)[0m  SELECT "users".* FROM "users" WHERE "users"."id" = 6 LIMIT 1
  [1m[36mCACHE (0.0ms)[0m  [1mSELECT "users".* FROM "users" WHERE "users"."id" = 6 LIMIT 1[0m
  [1m[35mCACHE (0.0ms)[0m  SELECT "users".* FROM "users" WHERE "users"."id" = 6 LIMIT 1
  [1m[36mCACHE (0.0ms)[0m  [1mSELECT "users".* FROM "users" WHERE "users"."id" = 6 LIMIT 1[0m
  [1m[35mCACHE (0.0ms)[0m  SELECT "users".* FROM "users" WHERE "users"."id" = 6 LIMIT 1
  [1m[36mCACHE (0.0ms)[0m  [1mSELECT "users".* FROM "users" WHERE "users"."id" = 6 LIMIT 1[0m
  [1m[35mCACHE (0.0ms)[0m  SELECT "users".* FROM "users" WHERE "users"."id" = 6 LIMIT 1
Rendered shared/_feed_item.html.erb (107.3ms)
Rendered shared/_feed.html.erb (142.9ms)
  [1m[36mSQL (0.2ms)[0m  [1mSELECT COUNT(*) FROM "microposts" WHERE ("microposts".user_id = 1)[0m
Rendered shared/_user_info.html.erb (5.7ms)
  [1m[35mSQL (1.8ms)[0m  SELECT COUNT(*) FROM "users" INNER JOIN "relationships" ON "users".id = "relationships".followed_id WHERE (("relationships".follower_id = 1))
  [1m[36mSQL (0.2ms)[0m  [1mSELECT COUNT(*) FROM "users" INNER JOIN "relationships" ON "users".id = "relationships".follower_id WHERE (("relationships".followed_id = 1))[0m
Rendered shared/_stats.html.erb (23.0ms)
Rendered layouts/_stylesheets.html.erb (1.2ms)
Rendered layouts/_header.html.erb (2.4ms)
Rendered layouts/_footer.html.erb (0.6ms)
Rendered page/home.html.erb within layouts/application (194.2ms)
Completed 200 OK in 312ms (Views: 196.2ms | ActiveRecord: 9.9ms)


Started POST "/signout" for 127.0.0.1 at 2011-03-21 17:40:36 -0700
  Processing by SessionsController#destroy as HTML
  Parameters: {"authenticity_token"=>"BzbD0A9jU5fNq44B6LlHcMHGYWZTcsiO1pG0InQE4e4="}
Redirected to http://localhost:3000/
Completed 302 Found in 1ms


Started GET "/" for 127.0.0.1 at 2011-03-21 17:40:36 -0700
  Processing by PageController#home as HTML
  [1m[35mUser Load (0.6ms)[0m  SELECT "users".* FROM "users" WHERE "users"."id" IS NULL LIMIT 1
  [1m[36mCACHE (0.0ms)[0m  [1mSELECT "users".* FROM "users" WHERE "users"."id" IS NULL LIMIT 1[0m
Rendered layouts/_stylesheets.html.erb (0.9ms)
  [1m[35mCACHE (0.0ms)[0m  SELECT "users".* FROM "users" WHERE "users"."id" IS NULL LIMIT 1
  [1m[36mCACHE (0.0ms)[0m  [1mSELECT "users".* FROM "users" WHERE "users"."id" IS NULL LIMIT 1[0m
Rendered layouts/_header.html.erb (1.5ms)
Rendered layouts/_footer.html.erb (0.6ms)
Rendered page/home.html.erb within layouts/application (8.3ms)
Completed 200 OK in 68ms (Views: 11.5ms | ActiveRecord: 0.6ms)


Started GET "/" for 127.0.0.1 at 2011-03-21 17:53:02 -0700
  Processing by PageController#home as HTML
  [1m[36mSQL (1.8ms)[0m  [1m SELECT name
 FROM sqlite_master
 WHERE type = 'table' AND NOT name = 'sqlite_sequence'
[0m
  [1m[35mUser Load (0.5ms)[0m  SELECT "users".* FROM "users" WHERE "users"."id" IS NULL LIMIT 1
  [1m[36mCACHE (0.0ms)[0m  [1mSELECT "users".* FROM "users" WHERE "users"."id" IS NULL LIMIT 1[0m
Rendered layouts/_stylesheets.html.erb (0.9ms)
  [1m[35mCACHE (0.0ms)[0m  SELECT "users".* FROM "users" WHERE "users"."id" IS NULL LIMIT 1
  [1m[36mCACHE (0.0ms)[0m  [1mSELECT "users".* FROM "users" WHERE "users"."id" IS NULL LIMIT 1[0m
Rendered layouts/_header.html.erb (1.5ms)
Rendered layouts/_footer.html.erb (0.5ms)
Rendered page/home.html.erb within layouts/application (11.0ms)
Completed 200 OK in 89ms (Views: 14.7ms | ActiveRecord: 2.3ms)


Started GET "/signup" for 127.0.0.1 at 2011-03-21 17:53:19 -0700
  Processing by UsersController#new as HTML
Rendered shared/_error_messages.html.erb (0.5ms)
Rendered layouts/_stylesheets.html.erb (0.8ms)
  [1m[35mUser Load (0.4ms)[0m  SELECT "users".* FROM "users" WHERE "users"."id" IS NULL LIMIT 1
  [1m[36mCACHE (0.0ms)[0m  [1mSELECT "users".* FROM "users" WHERE "users"."id" IS NULL LIMIT 1[0m
Rendered layouts/_header.html.erb (2.1ms)
Rendered layouts/_footer.html.erb (0.6ms)
Rendered users/new.html.erb within layouts/application (77.7ms)
Completed 200 OK in 108ms (Views: 81.9ms | ActiveRecord: 0.4ms)
  [1m[36mSQL (0.4ms)[0m  [1mSHOW client_min_messages[0m
  [1m[35mSQL (0.1ms)[0m  SET client_min_messages TO 'panic'
  [1m[36mSQL (0.1ms)[0m  [1mSET standard_conforming_strings = on[0m
  [1m[35mSQL (0.1ms)[0m  SET client_min_messages TO 'notice'
  [1m[36mSQL (0.3ms)[0m  [1mSET time zone 'UTC'[0m
  [1m[35mSQL (0.1ms)[0m  SHOW TIME ZONE
  [1m[36mSQL (2.5ms)[0m  [1m SELECT COUNT(*)
 FROM pg_tables
 WHERE tablename = 'schema_migrations'
 
[0m
  [1m[35mSQL (3.2ms)[0m  CREATE TABLE "schema_migrations" ("version" character varying(255) NOT NULL) 
  [1m[36mSQL (0.3ms)[0m  [1mSHOW search_path[0m
  [1m[35mSQL (1.8ms)[0m   SELECT distinct i.relname, d.indisunique, d.indkey, t.oid
 FROM pg_class t, pg_class i, pg_index d
 WHERE i.relkind = 'i'
 AND d.indexrelid = i.oid
 AND d.indisprimary = 'f'
 AND t.oid = d.indrelid
 AND t.relname = 'schema_migrations'
 AND i.relnamespace IN (SELECT oid FROM pg_namespace WHERE nspname IN ('"$user"','public') )
 ORDER BY i.relname
  [1m[36mSQL (1.3ms)[0m  [1mCREATE UNIQUE INDEX "unique_schema_migrations" ON "schema_migrations" ("version")[0m
  [1m[35mSQL (0.4ms)[0m   SELECT COUNT(*)
 FROM pg_tables
 WHERE tablename = 'schema_info'
 
  [1m[36mSQL (0.5ms)[0m  [1m SELECT tablename
 FROM pg_tables
 WHERE schemaname = ANY (current_schemas(false))
[0m
  [1m[35mSQL (2.2ms)[0m   SELECT a.attname, format_type(a.atttypid, a.atttypmod), d.adsrc, a.attnotnull
 FROM pg_attribute a LEFT JOIN pg_attrdef d
 ON a.attrelid = d.adrelid AND a.attnum = d.adnum
 WHERE a.attrelid = '"schema_migrations"'::regclass
 AND a.attnum > 0 AND NOT a.attisdropped
 ORDER BY a.attnum
  [1m[36mSQL (0.2ms)[0m  [1mSELECT "schema_migrations"."version" FROM "schema_migrations"[0m
Migrating to CreateUsers (20110309034616)
  [1m[35mSQL (0.1ms)[0m  BEGIN
  [1m[36mSQL (4.3ms)[0m  [1mCREATE TABLE "users" ("id" serial primary key, "name" character varying(255), "email" character varying(255), "created_at" timestamp, "updated_at" timestamp) [0m
  [1m[35mSQL (0.5ms)[0m   SELECT a.attname, format_type(a.atttypid, a.atttypmod), d.adsrc, a.attnotnull
 FROM pg_attribute a LEFT JOIN pg_attrdef d
 ON a.attrelid = d.adrelid AND a.attnum = d.adnum
 WHERE a.attrelid = '"schema_migrations"'::regclass
 AND a.attnum > 0 AND NOT a.attisdropped
 ORDER BY a.attnum
  [1m[36mPK and serial sequence (2.3ms)[0m  [1m SELECT attr.attname, seq.relname
 FROM pg_class seq,
 pg_attribute attr,
 pg_depend dep,
 pg_namespace name,
 pg_constraint cons
 WHERE seq.oid = dep.objid
 AND seq.relkind = 'S'
 AND attr.attrelid = dep.refobjid
 AND attr.attnum = dep.refobjsubid
 AND attr.attrelid = cons.conrelid
 AND attr.attnum = cons.conkey[1]
 AND cons.contype = 'p'
 AND dep.refobjid = '"schema_migrations"'::regclass
[0m
  [1m[35mPK and custom sequence (0.9ms)[0m   SELECT attr.attname,
 CASE
 WHEN split_part(def.adsrc, '''', 2) ~ '.' THEN
 substr(split_part(def.adsrc, '''', 2),
 strpos(split_part(def.adsrc, '''', 2), '.')+1)
 ELSE split_part(def.adsrc, '''', 2)
 END
 FROM pg_class t
 JOIN pg_attribute attr ON (t.oid = attrelid)
 JOIN pg_attrdef def ON (adrelid = attrelid AND adnum = attnum)
 JOIN pg_constraint cons ON (conrelid = adrelid AND adnum = conkey[1])
 WHERE t.oid = '"schema_migrations"'::regclass
 AND cons.contype = 'p'
 AND def.adsrc ~* 'nextval'
  [1m[36mSQL (0.4ms)[0m  [1mINSERT INTO "schema_migrations" ("version") VALUES ('20110309034616')[0m
  [1m[35mPK and serial sequence (2.6ms)[0m   SELECT attr.attname, seq.relname
 FROM pg_class seq,
 pg_attribute attr,
 pg_depend dep,
 pg_namespace name,
 pg_constraint cons
 WHERE seq.oid = dep.objid
 AND seq.relkind = 'S'
 AND attr.attrelid = dep.refobjid
 AND attr.attnum = dep.refobjsubid
 AND attr.attrelid = cons.conrelid
 AND attr.attnum = cons.conkey[1]
 AND cons.contype = 'p'
 AND dep.refobjid = '"schema_migrations"'::regclass
  [1m[36mPK and custom sequence (0.7ms)[0m  [1m SELECT attr.attname,
 CASE
 WHEN split_part(def.adsrc, '''', 2) ~ '.' THEN
 substr(split_part(def.adsrc, '''', 2),
 strpos(split_part(def.adsrc, '''', 2), '.')+1)
 ELSE split_part(def.adsrc, '''', 2)
 END
 FROM pg_class t
 JOIN pg_attribute attr ON (t.oid = attrelid)
 JOIN pg_attrdef def ON (adrelid = attrelid AND adnum = attnum)
 JOIN pg_constraint cons ON (conrelid = adrelid AND adnum = conkey[1])
 WHERE t.oid = '"schema_migrations"'::regclass
 AND cons.contype = 'p'
 AND def.adsrc ~* 'nextval'
[0m
  [1m[35mSQL (0.8ms)[0m  COMMIT
Migrating to AddPasswordToUser (20110310022918)
  [1m[36mSQL (0.4ms)[0m  [1mBEGIN[0m
  [1m[35mSQL (0.4ms)[0m  ALTER TABLE "users" ADD COLUMN "encrypted_password" character varying(255)
  [1m[36mSQL (0.7ms)[0m  [1m SELECT a.attname, format_type(a.atttypid, a.atttypmod), d.adsrc, a.attnotnull
 FROM pg_attribute a LEFT JOIN pg_attrdef d
 ON a.attrelid = d.adrelid AND a.attnum = d.adnum
 WHERE a.attrelid = '"schema_migrations"'::regclass
 AND a.attnum > 0 AND NOT a.attisdropped
 ORDER BY a.attnum
[0m
  [1m[35mPK and serial sequence (1.4ms)[0m   SELECT attr.attname, seq.relname
 FROM pg_class seq,
 pg_attribute attr,
 pg_depend dep,
 pg_namespace name,
 pg_constraint cons
 WHERE seq.oid = dep.objid
 AND seq.relkind = 'S'
 AND attr.attrelid = dep.refobjid
 AND attr.attnum = dep.refobjsubid
 AND attr.attrelid = cons.conrelid
 AND attr.attnum = cons.conkey[1]
 AND cons.contype = 'p'
 AND dep.refobjid = '"schema_migrations"'::regclass
  [1m[36mPK and custom sequence (0.8ms)[0m  [1m SELECT attr.attname,
 CASE
 WHEN split_part(def.adsrc, '''', 2) ~ '.' THEN
 substr(split_part(def.adsrc, '''', 2),
 strpos(split_part(def.adsrc, '''', 2), '.')+1)
 ELSE split_part(def.adsrc, '''', 2)
 END
 FROM pg_class t
 JOIN pg_attribute attr ON (t.oid = attrelid)
 JOIN pg_attrdef def ON (adrelid = attrelid AND adnum = attnum)
 JOIN pg_constraint cons ON (conrelid = adrelid AND adnum = conkey[1])
 WHERE t.oid = '"schema_migrations"'::regclass
 AND cons.contype = 'p'
 AND def.adsrc ~* 'nextval'
[0m
  [1m[35mSQL (0.1ms)[0m  INSERT INTO "schema_migrations" ("version") VALUES ('20110310022918')
  [1m[36mPK and serial sequence (1.6ms)[0m  [1m SELECT attr.attname, seq.relname
 FROM pg_class seq,
 pg_attribute attr,
 pg_depend dep,
 pg_namespace name,
 pg_constraint cons
 WHERE seq.oid = dep.objid
 AND seq.relkind = 'S'
 AND attr.attrelid = dep.refobjid
 AND attr.attnum = dep.refobjsubid
 AND attr.attrelid = cons.conrelid
 AND attr.attnum = cons.conkey[1]
 AND cons.contype = 'p'
 AND dep.refobjid = '"schema_migrations"'::regclass
[0m
  [1m[35mPK and custom sequence (0.7ms)[0m   SELECT attr.attname,
 CASE
 WHEN split_part(def.adsrc, '''', 2) ~ '.' THEN
 substr(split_part(def.adsrc, '''', 2),
 strpos(split_part(def.adsrc, '''', 2), '.')+1)
 ELSE split_part(def.adsrc, '''', 2)
 END
 FROM pg_class t
 JOIN pg_attribute attr ON (t.oid = attrelid)
 JOIN pg_attrdef def ON (adrelid = attrelid AND adnum = attnum)
 JOIN pg_constraint cons ON (conrelid = adrelid AND adnum = conkey[1])
 WHERE t.oid = '"schema_migrations"'::regclass
 AND cons.contype = 'p'
 AND def.adsrc ~* 'nextval'
  [1m[36mSQL (0.3ms)[0m  [1mCOMMIT[0m
Migrating to AddSaltToUser (20110310030059)
  [1m[35mSQL (0.1ms)[0m  BEGIN
  [1m[36mSQL (0.3ms)[0m  [1mALTER TABLE "users" ADD COLUMN "salt" character varying(255)[0m
  [1m[35mSQL (0.4ms)[0m   SELECT a.attname, format_type(a.atttypid, a.atttypmod), d.adsrc, a.attnotnull
 FROM pg_attribute a LEFT JOIN pg_attrdef d
 ON a.attrelid = d.adrelid AND a.attnum = d.adnum
 WHERE a.attrelid = '"schema_migrations"'::regclass
 AND a.attnum > 0 AND NOT a.attisdropped
 ORDER BY a.attnum
  [1m[36mPK and serial sequence (3.3ms)[0m  [1m SELECT attr.attname, seq.relname
 FROM pg_class seq,
 pg_attribute attr,
 pg_depend dep,
 pg_namespace name,
 pg_constraint cons
 WHERE seq.oid = dep.objid
 AND seq.relkind = 'S'
 AND attr.attrelid = dep.refobjid
 AND attr.attnum = dep.refobjsubid
 AND attr.attrelid = cons.conrelid
 AND attr.attnum = cons.conkey[1]
 AND cons.contype = 'p'
 AND dep.refobjid = '"schema_migrations"'::regclass
[0m
  [1m[35mPK and custom sequence (1.1ms)[0m   SELECT attr.attname,
 CASE
 WHEN split_part(def.adsrc, '''', 2) ~ '.' THEN
 substr(split_part(def.adsrc, '''', 2),
 strpos(split_part(def.adsrc, '''', 2), '.')+1)
 ELSE split_part(def.adsrc, '''', 2)
 END
 FROM pg_class t
 JOIN pg_attribute attr ON (t.oid = attrelid)
 JOIN pg_attrdef def ON (adrelid = attrelid AND adnum = attnum)
 JOIN pg_constraint cons ON (conrelid = adrelid AND adnum = conkey[1])
 WHERE t.oid = '"schema_migrations"'::regclass
 AND cons.contype = 'p'
 AND def.adsrc ~* 'nextval'
  [1m[36mSQL (0.2ms)[0m  [1mINSERT INTO "schema_migrations" ("version") VALUES ('20110310030059')[0m
  [1m[35mPK and serial sequence (1.4ms)[0m   SELECT attr.attname, seq.relname
 FROM pg_class seq,
 pg_attribute attr,
 pg_depend dep,
 pg_namespace name,
 pg_constraint cons
 WHERE seq.oid = dep.objid
 AND seq.relkind = 'S'
 AND attr.attrelid = dep.refobjid
 AND attr.attnum = dep.refobjsubid
 AND attr.attrelid = cons.conrelid
 AND attr.attnum = cons.conkey[1]
 AND cons.contype = 'p'
 AND dep.refobjid = '"schema_migrations"'::regclass
  [1m[36mPK and custom sequence (0.6ms)[0m  [1m SELECT attr.attname,
 CASE
 WHEN split_part(def.adsrc, '''', 2) ~ '.' THEN
 substr(split_part(def.adsrc, '''', 2),
 strpos(split_part(def.adsrc, '''', 2), '.')+1)
 ELSE split_part(def.adsrc, '''', 2)
 END
 FROM pg_class t
 JOIN pg_attribute attr ON (t.oid = attrelid)
 JOIN pg_attrdef def ON (adrelid = attrelid AND adnum = attnum)
 JOIN pg_constraint cons ON (conrelid = adrelid AND adnum = conkey[1])
 WHERE t.oid = '"schema_migrations"'::regclass
 AND cons.contype = 'p'
 AND def.adsrc ~* 'nextval'
[0m
  [1m[35mSQL (0.6ms)[0m  COMMIT
Migrating to AddAdminToUsers (20110320194323)
  [1m[36mSQL (0.2ms)[0m  [1mBEGIN[0m
  [1m[35mSQL (0.4ms)[0m  ALTER TABLE "users" ADD COLUMN "admin" boolean
  [1m[36mSQL (0.4ms)[0m  [1mALTER TABLE "users" ALTER COLUMN "admin" SET DEFAULT 'f'[0m
  [1m[35mSQL (0.4ms)[0m   SELECT a.attname, format_type(a.atttypid, a.atttypmod), d.adsrc, a.attnotnull
 FROM pg_attribute a LEFT JOIN pg_attrdef d
 ON a.attrelid = d.adrelid AND a.attnum = d.adnum
 WHERE a.attrelid = '"schema_migrations"'::regclass
 AND a.attnum > 0 AND NOT a.attisdropped
 ORDER BY a.attnum
  [1m[36mPK and serial sequence (1.3ms)[0m  [1m SELECT attr.attname, seq.relname
 FROM pg_class seq,
 pg_attribute attr,
 pg_depend dep,
 pg_namespace name,
 pg_constraint cons
 WHERE seq.oid = dep.objid
 AND seq.relkind = 'S'
 AND attr.attrelid = dep.refobjid
 AND attr.attnum = dep.refobjsubid
 AND attr.attrelid = cons.conrelid
 AND attr.attnum = cons.conkey[1]
 AND cons.contype = 'p'
 AND dep.refobjid = '"schema_migrations"'::regclass
[0m
  [1m[35mPK and custom sequence (0.8ms)[0m   SELECT attr.attname,
 CASE
 WHEN split_part(def.adsrc, '''', 2) ~ '.' THEN
 substr(split_part(def.adsrc, '''', 2),
 strpos(split_part(def.adsrc, '''', 2), '.')+1)
 ELSE split_part(def.adsrc, '''', 2)
 END
 FROM pg_class t
 JOIN pg_attribute attr ON (t.oid = attrelid)
 JOIN pg_attrdef def ON (adrelid = attrelid AND adnum = attnum)
 JOIN pg_constraint cons ON (conrelid = adrelid AND adnum = conkey[1])
 WHERE t.oid = '"schema_migrations"'::regclass
 AND cons.contype = 'p'
 AND def.adsrc ~* 'nextval'
  [1m[36mSQL (0.1ms)[0m  [1mINSERT INTO "schema_migrations" ("version") VALUES ('20110320194323')[0m
  [1m[35mPK and serial sequence (1.7ms)[0m   SELECT attr.attname, seq.relname
 FROM pg_class seq,
 pg_attribute attr,
 pg_depend dep,
 pg_namespace name,
 pg_constraint cons
 WHERE seq.oid = dep.objid
 AND seq.relkind = 'S'
 AND attr.attrelid = dep.refobjid
 AND attr.attnum = dep.refobjsubid
 AND attr.attrelid = cons.conrelid
 AND attr.attnum = cons.conkey[1]
 AND cons.contype = 'p'
 AND dep.refobjid = '"schema_migrations"'::regclass
  [1m[36mPK and custom sequence (0.7ms)[0m  [1m SELECT attr.attname,
 CASE
 WHEN split_part(def.adsrc, '''', 2) ~ '.' THEN
 substr(split_part(def.adsrc, '''', 2),
 strpos(split_part(def.adsrc, '''', 2), '.')+1)
 ELSE split_part(def.adsrc, '''', 2)
 END
 FROM pg_class t
 JOIN pg_attribute attr ON (t.oid = attrelid)
 JOIN pg_attrdef def ON (adrelid = attrelid AND adnum = attnum)
 JOIN pg_constraint cons ON (conrelid = adrelid AND adnum = conkey[1])
 WHERE t.oid = '"schema_migrations"'::regclass
 AND cons.contype = 'p'
 AND def.adsrc ~* 'nextval'
[0m
  [1m[35mSQL (0.4ms)[0m  COMMIT
Migrating to CreateMicroposts (20110320204235)
  [1m[36mSQL (0.2ms)[0m  [1mBEGIN[0m
  [1m[35mSQL (2.9ms)[0m  CREATE TABLE "microposts" ("id" serial primary key, "content" character varying(255), "user_id" integer, "created_at" timestamp, "updated_at" timestamp) 
  [1m[36mSQL (0.7ms)[0m  [1m SELECT distinct i.relname, d.indisunique, d.indkey, t.oid
 FROM pg_class t, pg_class i, pg_index d
 WHERE i.relkind = 'i'
 AND d.indexrelid = i.oid
 AND d.indisprimary = 'f'
 AND t.oid = d.indrelid
 AND t.relname = 'microposts'
 AND i.relnamespace IN (SELECT oid FROM pg_namespace WHERE nspname IN ('"$user"','public') )
 ORDER BY i.relname
[0m
  [1m[35mSQL (0.7ms)[0m  CREATE INDEX "index_microposts_on_user_id" ON "microposts" ("user_id")
  [1m[36mSQL (0.3ms)[0m  [1m SELECT a.attname, format_type(a.atttypid, a.atttypmod), d.adsrc, a.attnotnull
 FROM pg_attribute a LEFT JOIN pg_attrdef d
 ON a.attrelid = d.adrelid AND a.attnum = d.adnum
 WHERE a.attrelid = '"schema_migrations"'::regclass
 AND a.attnum > 0 AND NOT a.attisdropped
 ORDER BY a.attnum
[0m
  [1m[35mPK and serial sequence (2.7ms)[0m   SELECT attr.attname, seq.relname
 FROM pg_class seq,
 pg_attribute attr,
 pg_depend dep,
 pg_namespace name,
 pg_constraint cons
 WHERE seq.oid = dep.objid
 AND seq.relkind = 'S'
 AND attr.attrelid = dep.refobjid
 AND attr.attnum = dep.refobjsubid
 AND attr.attrelid = cons.conrelid
 AND attr.attnum = cons.conkey[1]
 AND cons.contype = 'p'
 AND dep.refobjid = '"schema_migrations"'::regclass
  [1m[36mPK and custom sequence (2.7ms)[0m  [1m SELECT attr.attname,
 CASE
 WHEN split_part(def.adsrc, '''', 2) ~ '.' THEN
 substr(split_part(def.adsrc, '''', 2),
 strpos(split_part(def.adsrc, '''', 2), '.')+1)
 ELSE split_part(def.adsrc, '''', 2)
 END
 FROM pg_class t
 JOIN pg_attribute attr ON (t.oid = attrelid)
 JOIN pg_attrdef def ON (adrelid = attrelid AND adnum = attnum)
 JOIN pg_constraint cons ON (conrelid = adrelid AND adnum = conkey[1])
 WHERE t.oid = '"schema_migrations"'::regclass
 AND cons.contype = 'p'
 AND def.adsrc ~* 'nextval'
[0m
  [1m[35mSQL (0.2ms)[0m  INSERT INTO "schema_migrations" ("version") VALUES ('20110320204235')
  [1m[36mPK and serial sequence (1.7ms)[0m  [1m SELECT attr.attname, seq.relname
 FROM pg_class seq,
 pg_attribute attr,
 pg_depend dep,
 pg_namespace name,
 pg_constraint cons
 WHERE seq.oid = dep.objid
 AND seq.relkind = 'S'
 AND attr.attrelid = dep.refobjid
 AND attr.attnum = dep.refobjsubid
 AND attr.attrelid = cons.conrelid
 AND attr.attnum = cons.conkey[1]
 AND cons.contype = 'p'
 AND dep.refobjid = '"schema_migrations"'::regclass
[0m
  [1m[35mPK and custom sequence (1.7ms)[0m   SELECT attr.attname,
 CASE
 WHEN split_part(def.adsrc, '''', 2) ~ '.' THEN
 substr(split_part(def.adsrc, '''', 2),
 strpos(split_part(def.adsrc, '''', 2), '.')+1)
 ELSE split_part(def.adsrc, '''', 2)
 END
 FROM pg_class t
 JOIN pg_attribute attr ON (t.oid = attrelid)
 JOIN pg_attrdef def ON (adrelid = attrelid AND adnum = attnum)
 JOIN pg_constraint cons ON (conrelid = adrelid AND adnum = conkey[1])
 WHERE t.oid = '"schema_migrations"'::regclass
 AND cons.contype = 'p'
 AND def.adsrc ~* 'nextval'
  [1m[36mSQL (0.8ms)[0m  [1mCOMMIT[0m
Migrating to CreateRelationships (20110321011810)
  [1m[35mSQL (0.3ms)[0m  BEGIN
  [1m[36mSQL (2.4ms)[0m  [1mCREATE TABLE "relationships" ("id" serial primary key, "follower_id" integer, "followed_id" integer, "created_at" timestamp, "updated_at" timestamp) [0m
  [1m[35mSQL (0.8ms)[0m   SELECT distinct i.relname, d.indisunique, d.indkey, t.oid
 FROM pg_class t, pg_class i, pg_index d
 WHERE i.relkind = 'i'
 AND d.indexrelid = i.oid
 AND d.indisprimary = 'f'
 AND t.oid = d.indrelid
 AND t.relname = 'relationships'
 AND i.relnamespace IN (SELECT oid FROM pg_namespace WHERE nspname IN ('"$user"','public') )
 ORDER BY i.relname
  [1m[36mSQL (0.7ms)[0m  [1mCREATE INDEX "index_relationships_on_follower_id" ON "relationships" ("follower_id")[0m
  [1m[35mSQL (0.9ms)[0m   SELECT distinct i.relname, d.indisunique, d.indkey, t.oid
 FROM pg_class t, pg_class i, pg_index d
 WHERE i.relkind = 'i'
 AND d.indexrelid = i.oid
 AND d.indisprimary = 'f'
 AND t.oid = d.indrelid
 AND t.relname = 'relationships'
 AND i.relnamespace IN (SELECT oid FROM pg_namespace WHERE nspname IN ('"$user"','public') )
 ORDER BY i.relname
  [1m[36mColumns for index index_relationships_on_follower_id on relationships (15.2ms)[0m  [1m SELECT a.attnum, a.attname
 FROM pg_attribute a
 WHERE a.attrelid = 16413
 AND a.attnum IN (2)
[0m
  [1m[35mSQL (1.3ms)[0m  CREATE INDEX "index_relationships_on_followed_id" ON "relationships" ("followed_id")
  [1m[36mSQL (0.8ms)[0m  [1m SELECT distinct i.relname, d.indisunique, d.indkey, t.oid
 FROM pg_class t, pg_class i, pg_index d
 WHERE i.relkind = 'i'
 AND d.indexrelid = i.oid
 AND d.indisprimary = 'f'
 AND t.oid = d.indrelid
 AND t.relname = 'relationships'
 AND i.relnamespace IN (SELECT oid FROM pg_namespace WHERE nspname IN ('"$user"','public') )
 ORDER BY i.relname
[0m
  [1m[35mColumns for index index_relationships_on_followed_id on relationships (0.2ms)[0m   SELECT a.attnum, a.attname
 FROM pg_attribute a
 WHERE a.attrelid = 16413
 AND a.attnum IN (3)
  [1m[36mColumns for index index_relationships_on_follower_id on relationships (0.2ms)[0m  [1m SELECT a.attnum, a.attname
 FROM pg_attribute a
 WHERE a.attrelid = 16413
 AND a.attnum IN (2)
[0m
  [1m[35mSQL (0.8ms)[0m  CREATE UNIQUE INDEX "index_relationships_on_follower_id_and_followed_id" ON "relationships" ("follower_id", "followed_id")
  [1m[36mSQL (0.5ms)[0m  [1m SELECT a.attname, format_type(a.atttypid, a.atttypmod), d.adsrc, a.attnotnull
 FROM pg_attribute a LEFT JOIN pg_attrdef d
 ON a.attrelid = d.adrelid AND a.attnum = d.adnum
 WHERE a.attrelid = '"schema_migrations"'::regclass
 AND a.attnum > 0 AND NOT a.attisdropped
 ORDER BY a.attnum
[0m
  [1m[35mPK and serial sequence (1.5ms)[0m   SELECT attr.attname, seq.relname
 FROM pg_class seq,
 pg_attribute attr,
 pg_depend dep,
 pg_namespace name,
 pg_constraint cons
 WHERE seq.oid = dep.objid
 AND seq.relkind = 'S'
 AND attr.attrelid = dep.refobjid
 AND attr.attnum = dep.refobjsubid
 AND attr.attrelid = cons.conrelid
 AND attr.attnum = cons.conkey[1]
 AND cons.contype = 'p'
 AND dep.refobjid = '"schema_migrations"'::regclass
  [1m[36mPK and custom sequence (0.7ms)[0m  [1m SELECT attr.attname,
 CASE
 WHEN split_part(def.adsrc, '''', 2) ~ '.' THEN
 substr(split_part(def.adsrc, '''', 2),
 strpos(split_part(def.adsrc, '''', 2), '.')+1)
 ELSE split_part(def.adsrc, '''', 2)
 END
 FROM pg_class t
 JOIN pg_attribute attr ON (t.oid = attrelid)
 JOIN pg_attrdef def ON (adrelid = attrelid AND adnum = attnum)
 JOIN pg_constraint cons ON (conrelid = adrelid AND adnum = conkey[1])
 WHERE t.oid = '"schema_migrations"'::regclass
 AND cons.contype = 'p'
 AND def.adsrc ~* 'nextval'
[0m
  [1m[35mSQL (0.2ms)[0m  INSERT INTO "schema_migrations" ("version") VALUES ('20110321011810')
  [1m[36mPK and serial sequence (3.2ms)[0m  [1m SELECT attr.attname, seq.relname
 FROM pg_class seq,
 pg_attribute attr,
 pg_depend dep,
 pg_namespace name,
 pg_constraint cons
 WHERE seq.oid = dep.objid
 AND seq.relkind = 'S'
 AND attr.attrelid = dep.refobjid
 AND attr.attnum = dep.refobjsubid
 AND attr.attrelid = cons.conrelid
 AND attr.attnum = cons.conkey[1]
 AND cons.contype = 'p'
 AND dep.refobjid = '"schema_migrations"'::regclass
[0m
  [1m[35mPK and custom sequence (1.1ms)[0m   SELECT attr.attname,
 CASE
 WHEN split_part(def.adsrc, '''', 2) ~ '.' THEN
 substr(split_part(def.adsrc, '''', 2),
 strpos(split_part(def.adsrc, '''', 2), '.')+1)
 ELSE split_part(def.adsrc, '''', 2)
 END
 FROM pg_class t
 JOIN pg_attribute attr ON (t.oid = attrelid)
 JOIN pg_attrdef def ON (adrelid = attrelid AND adnum = attnum)
 JOIN pg_constraint cons ON (conrelid = adrelid AND adnum = conkey[1])
 WHERE t.oid = '"schema_migrations"'::regclass
 AND cons.contype = 'p'
 AND def.adsrc ~* 'nextval'
  [1m[36mSQL (0.7ms)[0m  [1mCOMMIT[0m
  [1m[35mSQL (1.3ms)[0m   SELECT COUNT(*)
 FROM pg_tables
 WHERE tablename = 'schema_migrations'
 
  [1m[36mSQL (0.6ms)[0m  [1m SELECT a.attname, format_type(a.atttypid, a.atttypmod), d.adsrc, a.attnotnull
 FROM pg_attribute a LEFT JOIN pg_attrdef d
 ON a.attrelid = d.adrelid AND a.attnum = d.adnum
 WHERE a.attrelid = '"schema_migrations"'::regclass
 AND a.attnum > 0 AND NOT a.attisdropped
 ORDER BY a.attnum
[0m
  [1m[35mSQL (0.2ms)[0m  SELECT "schema_migrations"."version" FROM "schema_migrations"
  [1m[36mSQL (0.4ms)[0m  [1m SELECT tablename
 FROM pg_tables
 WHERE schemaname = ANY (current_schemas(false))
[0m
  [1m[35mSQL (0.4ms)[0m   SELECT a.attname, format_type(a.atttypid, a.atttypmod), d.adsrc, a.attnotnull
 FROM pg_attribute a LEFT JOIN pg_attrdef d
 ON a.attrelid = d.adrelid AND a.attnum = d.adnum
 WHERE a.attrelid = '"microposts"'::regclass
 AND a.attnum > 0 AND NOT a.attisdropped
 ORDER BY a.attnum
  [1m[36mPK and serial sequence (1.5ms)[0m  [1m SELECT attr.attname, seq.relname
 FROM pg_class seq,
 pg_attribute attr,
 pg_depend dep,
 pg_namespace name,
 pg_constraint cons
 WHERE seq.oid = dep.objid
 AND seq.relkind = 'S'
 AND attr.attrelid = dep.refobjid
 AND attr.attnum = dep.refobjsubid
 AND attr.attrelid = cons.conrelid
 AND attr.attnum = cons.conkey[1]
 AND cons.contype = 'p'
 AND dep.refobjid = '"microposts"'::regclass
[0m
  [1m[35mSQL (0.7ms)[0m   SELECT distinct i.relname, d.indisunique, d.indkey, t.oid
 FROM pg_class t, pg_class i, pg_index d
 WHERE i.relkind = 'i'
 AND d.indexrelid = i.oid
 AND d.indisprimary = 'f'
 AND t.oid = d.indrelid
 AND t.relname = 'microposts'
 AND i.relnamespace IN (SELECT oid FROM pg_namespace WHERE nspname IN ('"$user"','public') )
 ORDER BY i.relname
  [1m[36mColumns for index index_microposts_on_user_id on microposts (2.9ms)[0m  [1m SELECT a.attnum, a.attname
 FROM pg_attribute a
 WHERE a.attrelid = 16404
 AND a.attnum IN (3)
[0m
  [1m[35mSQL (0.6ms)[0m   SELECT a.attname, format_type(a.atttypid, a.atttypmod), d.adsrc, a.attnotnull
 FROM pg_attribute a LEFT JOIN pg_attrdef d
 ON a.attrelid = d.adrelid AND a.attnum = d.adnum
 WHERE a.attrelid = '"relationships"'::regclass
 AND a.attnum > 0 AND NOT a.attisdropped
 ORDER BY a.attnum
  [1m[36mPK and serial sequence (1.9ms)[0m  [1m SELECT attr.attname, seq.relname
 FROM pg_class seq,
 pg_attribute attr,
 pg_depend dep,
 pg_namespace name,
 pg_constraint cons
 WHERE seq.oid = dep.objid
 AND seq.relkind = 'S'
 AND attr.attrelid = dep.refobjid
 AND attr.attnum = dep.refobjsubid
 AND attr.attrelid = cons.conrelid
 AND attr.attnum = cons.conkey[1]
 AND cons.contype = 'p'
 AND dep.refobjid = '"relationships"'::regclass
[0m
  [1m[35mSQL (0.6ms)[0m   SELECT distinct i.relname, d.indisunique, d.indkey, t.oid
 FROM pg_class t, pg_class i, pg_index d
 WHERE i.relkind = 'i'
 AND d.indexrelid = i.oid
 AND d.indisprimary = 'f'
 AND t.oid = d.indrelid
 AND t.relname = 'relationships'
 AND i.relnamespace IN (SELECT oid FROM pg_namespace WHERE nspname IN ('"$user"','public') )
 ORDER BY i.relname
  [1m[36mColumns for index index_relationships_on_followed_id on relationships (0.2ms)[0m  [1m SELECT a.attnum, a.attname
 FROM pg_attribute a
 WHERE a.attrelid = 16413
 AND a.attnum IN (3)
[0m
  [1m[35mColumns for index index_relationships_on_follower_id on relationships (0.2ms)[0m   SELECT a.attnum, a.attname
 FROM pg_attribute a
 WHERE a.attrelid = 16413
 AND a.attnum IN (2)
  [1m[36mColumns for index index_relationships_on_follower_id_and_followed_id on relationships (0.2ms)[0m  [1m SELECT a.attnum, a.attname
 FROM pg_attribute a
 WHERE a.attrelid = 16413
 AND a.attnum IN (2,3)
[0m
  [1m[35mSQL (0.4ms)[0m   SELECT a.attname, format_type(a.atttypid, a.atttypmod), d.adsrc, a.attnotnull
 FROM pg_attribute a LEFT JOIN pg_attrdef d
 ON a.attrelid = d.adrelid AND a.attnum = d.adnum
 WHERE a.attrelid = '"users"'::regclass
 AND a.attnum > 0 AND NOT a.attisdropped
 ORDER BY a.attnum
  [1m[36mPK and serial sequence (1.4ms)[0m  [1m SELECT attr.attname, seq.relname
 FROM pg_class seq,
 pg_attribute attr,
 pg_depend dep,
 pg_namespace name,
 pg_constraint cons
 WHERE seq.oid = dep.objid
 AND seq.relkind = 'S'
 AND attr.attrelid = dep.refobjid
 AND attr.attnum = dep.refobjsubid
 AND attr.attrelid = cons.conrelid
 AND attr.attnum = cons.conkey[1]
 AND cons.contype = 'p'
 AND dep.refobjid = '"users"'::regclass
[0m
  [1m[35mSQL (0.9ms)[0m   SELECT distinct i.relname, d.indisunique, d.indkey, t.oid
 FROM pg_class t, pg_class i, pg_index d
 WHERE i.relkind = 'i'
 AND d.indexrelid = i.oid
 AND d.indisprimary = 'f'
 AND t.oid = d.indrelid
 AND t.relname = 'users'
 AND i.relnamespace IN (SELECT oid FROM pg_namespace WHERE nspname IN ('"$user"','public') )
 ORDER BY i.relname
  [1m[36mSQL (0.3ms)[0m  [1mSHOW client_min_messages[0m
  [1m[35mSQL (0.1ms)[0m  SET client_min_messages TO 'panic'
  [1m[36mSQL (0.1ms)[0m  [1mSET standard_conforming_strings = on[0m
  [1m[35mSQL (0.1ms)[0m  SET client_min_messages TO 'notice'
  [1m[36mSQL (0.4ms)[0m  [1mSET time zone 'UTC'[0m
  [1m[35mSQL (0.1ms)[0m  SHOW TIME ZONE
  [1m[36mSQL (6.0ms)[0m  [1m SELECT COUNT(*)
 FROM pg_tables
 WHERE tablename = 'schema_migrations'
 
[0m
  [1m[35mSQL (19.7ms)[0m  CREATE TABLE "schema_migrations" ("version" character varying(255) NOT NULL) 
  [1m[36mSQL (0.3ms)[0m  [1mSHOW search_path[0m
  [1m[35mSQL (2.9ms)[0m   SELECT distinct i.relname, d.indisunique, d.indkey, t.oid
 FROM pg_class t, pg_class i, pg_index d
 WHERE i.relkind = 'i'
 AND d.indexrelid = i.oid
 AND d.indisprimary = 'f'
 AND t.oid = d.indrelid
 AND t.relname = 'schema_migrations'
 AND i.relnamespace IN (SELECT oid FROM pg_namespace WHERE nspname IN ('"$user"','public') )
 ORDER BY i.relname
  [1m[36mSQL (4.2ms)[0m  [1mCREATE UNIQUE INDEX "unique_schema_migrations" ON "schema_migrations" ("version")[0m
  [1m[35mSQL (0.8ms)[0m   SELECT COUNT(*)
 FROM pg_tables
 WHERE tablename = 'schema_info'
 
  [1m[36mSQL (0.9ms)[0m  [1m SELECT tablename
 FROM pg_tables
 WHERE schemaname = ANY (current_schemas(false))
[0m
  [1m[35mSQL (2.4ms)[0m   SELECT a.attname, format_type(a.atttypid, a.atttypmod), d.adsrc, a.attnotnull
 FROM pg_attribute a LEFT JOIN pg_attrdef d
 ON a.attrelid = d.adrelid AND a.attnum = d.adnum
 WHERE a.attrelid = '"schema_migrations"'::regclass
 AND a.attnum > 0 AND NOT a.attisdropped
 ORDER BY a.attnum
  [1m[36mSQL (0.3ms)[0m  [1mSELECT "schema_migrations"."version" FROM "schema_migrations"[0m
Migrating to CreateUsers (20110309034616)
  [1m[35mSQL (0.1ms)[0m  BEGIN
  [1m[36mSQL (13.7ms)[0m  [1mCREATE TABLE "users" ("id" serial primary key, "name" character varying(255), "email" character varying(255), "created_at" timestamp, "updated_at" timestamp) [0m
  [1m[35mSQL (0.7ms)[0m   SELECT a.attname, format_type(a.atttypid, a.atttypmod), d.adsrc, a.attnotnull
 FROM pg_attribute a LEFT JOIN pg_attrdef d
 ON a.attrelid = d.adrelid AND a.attnum = d.adnum
 WHERE a.attrelid = '"schema_migrations"'::regclass
 AND a.attnum > 0 AND NOT a.attisdropped
 ORDER BY a.attnum
  [1m[36mPK and serial sequence (11.0ms)[0m  [1m SELECT attr.attname, seq.relname
 FROM pg_class seq,
 pg_attribute attr,
 pg_depend dep,
 pg_namespace name,
 pg_constraint cons
 WHERE seq.oid = dep.objid
 AND seq.relkind = 'S'
 AND attr.attrelid = dep.refobjid
 AND attr.attnum = dep.refobjsubid
 AND attr.attrelid = cons.conrelid
 AND attr.attnum = cons.conkey[1]
 AND cons.contype = 'p'
 AND dep.refobjid = '"schema_migrations"'::regclass
[0m
  [1m[35mPK and custom sequence (1.5ms)[0m   SELECT attr.attname,
 CASE
 WHEN split_part(def.adsrc, '''', 2) ~ '.' THEN
 substr(split_part(def.adsrc, '''', 2),
 strpos(split_part(def.adsrc, '''', 2), '.')+1)
 ELSE split_part(def.adsrc, '''', 2)
 END
 FROM pg_class t
 JOIN pg_attribute attr ON (t.oid = attrelid)
 JOIN pg_attrdef def ON (adrelid = attrelid AND adnum = attnum)
 JOIN pg_constraint cons ON (conrelid = adrelid AND adnum = conkey[1])
 WHERE t.oid = '"schema_migrations"'::regclass
 AND cons.contype = 'p'
 AND def.adsrc ~* 'nextval'
  [1m[36mSQL (0.5ms)[0m  [1mINSERT INTO "schema_migrations" ("version") VALUES ('20110309034616')[0m
  [1m[35mPK and serial sequence (2.6ms)[0m   SELECT attr.attname, seq.relname
 FROM pg_class seq,
 pg_attribute attr,
 pg_depend dep,
 pg_namespace name,
 pg_constraint cons
 WHERE seq.oid = dep.objid
 AND seq.relkind = 'S'
 AND attr.attrelid = dep.refobjid
 AND attr.attnum = dep.refobjsubid
 AND attr.attrelid = cons.conrelid
 AND attr.attnum = cons.conkey[1]
 AND cons.contype = 'p'
 AND dep.refobjid = '"schema_migrations"'::regclass
  [1m[36mPK and custom sequence (1.2ms)[0m  [1m SELECT attr.attname,
 CASE
 WHEN split_part(def.adsrc, '''', 2) ~ '.' THEN
 substr(split_part(def.adsrc, '''', 2),
 strpos(split_part(def.adsrc, '''', 2), '.')+1)
 ELSE split_part(def.adsrc, '''', 2)
 END
 FROM pg_class t
 JOIN pg_attribute attr ON (t.oid = attrelid)
 JOIN pg_attrdef def ON (adrelid = attrelid AND adnum = attnum)
 JOIN pg_constraint cons ON (conrelid = adrelid AND adnum = conkey[1])
 WHERE t.oid = '"schema_migrations"'::regclass
 AND cons.contype = 'p'
 AND def.adsrc ~* 'nextval'
[0m
  [1m[35mSQL (0.6ms)[0m  COMMIT
Migrating to AddPasswordToUser (20110310022918)
  [1m[36mSQL (0.5ms)[0m  [1mBEGIN[0m
  [1m[35mSQL (0.6ms)[0m  ALTER TABLE "users" ADD COLUMN "encrypted_password" character varying(255)
  [1m[36mSQL (0.7ms)[0m  [1m SELECT a.attname, format_type(a.atttypid, a.atttypmod), d.adsrc, a.attnotnull
 FROM pg_attribute a LEFT JOIN pg_attrdef d
 ON a.attrelid = d.adrelid AND a.attnum = d.adnum
 WHERE a.attrelid = '"schema_migrations"'::regclass
 AND a.attnum > 0 AND NOT a.attisdropped
 ORDER BY a.attnum
[0m
  [1m[35mPK and serial sequence (2.7ms)[0m   SELECT attr.attname, seq.relname
 FROM pg_class seq,
 pg_attribute attr,
 pg_depend dep,
 pg_namespace name,
 pg_constraint cons
 WHERE seq.oid = dep.objid
 AND seq.relkind = 'S'
 AND attr.attrelid = dep.refobjid
 AND attr.attnum = dep.refobjsubid
 AND attr.attrelid = cons.conrelid
 AND attr.attnum = cons.conkey[1]
 AND cons.contype = 'p'
 AND dep.refobjid = '"schema_migrations"'::regclass
  [1m[36mPK and custom sequence (1.3ms)[0m  [1m SELECT attr.attname,
 CASE
 WHEN split_part(def.adsrc, '''', 2) ~ '.' THEN
 substr(split_part(def.adsrc, '''', 2),
 strpos(split_part(def.adsrc, '''', 2), '.')+1)
 ELSE split_part(def.adsrc, '''', 2)
 END
 FROM pg_class t
 JOIN pg_attribute attr ON (t.oid = attrelid)
 JOIN pg_attrdef def ON (adrelid = attrelid AND adnum = attnum)
 JOIN pg_constraint cons ON (conrelid = adrelid AND adnum = conkey[1])
 WHERE t.oid = '"schema_migrations"'::regclass
 AND cons.contype = 'p'
 AND def.adsrc ~* 'nextval'
[0m
  [1m[35mSQL (0.2ms)[0m  INSERT INTO "schema_migrations" ("version") VALUES ('20110310022918')
  [1m[36mPK and serial sequence (2.7ms)[0m  [1m SELECT attr.attname, seq.relname
 FROM pg_class seq,
 pg_attribute attr,
 pg_depend dep,
 pg_namespace name,
 pg_constraint cons
 WHERE seq.oid = dep.objid
 AND seq.relkind = 'S'
 AND attr.attrelid = dep.refobjid
 AND attr.attnum = dep.refobjsubid
 AND attr.attrelid = cons.conrelid
 AND attr.attnum = cons.conkey[1]
 AND cons.contype = 'p'
 AND dep.refobjid = '"schema_migrations"'::regclass
[0m
  [1m[35mPK and custom sequence (1.3ms)[0m   SELECT attr.attname,
 CASE
 WHEN split_part(def.adsrc, '''', 2) ~ '.' THEN
 substr(split_part(def.adsrc, '''', 2),
 strpos(split_part(def.adsrc, '''', 2), '.')+1)
 ELSE split_part(def.adsrc, '''', 2)
 END
 FROM pg_class t
 JOIN pg_attribute attr ON (t.oid = attrelid)
 JOIN pg_attrdef def ON (adrelid = attrelid AND adnum = attnum)
 JOIN pg_constraint cons ON (conrelid = adrelid AND adnum = conkey[1])
 WHERE t.oid = '"schema_migrations"'::regclass
 AND cons.contype = 'p'
 AND def.adsrc ~* 'nextval'
  [1m[36mSQL (1.0ms)[0m  [1mCOMMIT[0m
Migrating to AddSaltToUser (20110310030059)
  [1m[35mSQL (0.2ms)[0m  BEGIN
  [1m[36mSQL (0.5ms)[0m  [1mALTER TABLE "users" ADD COLUMN "salt" character varying(255)[0m
  [1m[35mSQL (0.7ms)[0m   SELECT a.attname, format_type(a.atttypid, a.atttypmod), d.adsrc, a.attnotnull
 FROM pg_attribute a LEFT JOIN pg_attrdef d
 ON a.attrelid = d.adrelid AND a.attnum = d.adnum
 WHERE a.attrelid = '"schema_migrations"'::regclass
 AND a.attnum > 0 AND NOT a.attisdropped
 ORDER BY a.attnum
  [1m[36mPK and serial sequence (2.7ms)[0m  [1m SELECT attr.attname, seq.relname
 FROM pg_class seq,
 pg_attribute attr,
 pg_depend dep,
 pg_namespace name,
 pg_constraint cons
 WHERE seq.oid = dep.objid
 AND seq.relkind = 'S'
 AND attr.attrelid = dep.refobjid
 AND attr.attnum = dep.refobjsubid
 AND attr.attrelid = cons.conrelid
 AND attr.attnum = cons.conkey[1]
 AND cons.contype = 'p'
 AND dep.refobjid = '"schema_migrations"'::regclass
[0m
  [1m[35mPK and custom sequence (1.3ms)[0m   SELECT attr.attname,
 CASE
 WHEN split_part(def.adsrc, '''', 2) ~ '.' THEN
 substr(split_part(def.adsrc, '''', 2),
 strpos(split_part(def.adsrc, '''', 2), '.')+1)
 ELSE split_part(def.adsrc, '''', 2)
 END
 FROM pg_class t
 JOIN pg_attribute attr ON (t.oid = attrelid)
 JOIN pg_attrdef def ON (adrelid = attrelid AND adnum = attnum)
 JOIN pg_constraint cons ON (conrelid = adrelid AND adnum = conkey[1])
 WHERE t.oid = '"schema_migrations"'::regclass
 AND cons.contype = 'p'
 AND def.adsrc ~* 'nextval'
  [1m[36mSQL (0.2ms)[0m  [1mINSERT INTO "schema_migrations" ("version") VALUES ('20110310030059')[0m
  [1m[35mPK and serial sequence (2.7ms)[0m   SELECT attr.attname, seq.relname
 FROM pg_class seq,
 pg_attribute attr,
 pg_depend dep,
 pg_namespace name,
 pg_constraint cons
 WHERE seq.oid = dep.objid
 AND seq.relkind = 'S'
 AND attr.attrelid = dep.refobjid
 AND attr.attnum = dep.refobjsubid
 AND attr.attrelid = cons.conrelid
 AND attr.attnum = cons.conkey[1]
 AND cons.contype = 'p'
 AND dep.refobjid = '"schema_migrations"'::regclass
  [1m[36mPK and custom sequence (1.2ms)[0m  [1m SELECT attr.attname,
 CASE
 WHEN split_part(def.adsrc, '''', 2) ~ '.' THEN
 substr(split_part(def.adsrc, '''', 2),
 strpos(split_part(def.adsrc, '''', 2), '.')+1)
 ELSE split_part(def.adsrc, '''', 2)
 END
 FROM pg_class t
 JOIN pg_attribute attr ON (t.oid = attrelid)
 JOIN pg_attrdef def ON (adrelid = attrelid AND adnum = attnum)
 JOIN pg_constraint cons ON (conrelid = adrelid AND adnum = conkey[1])
 WHERE t.oid = '"schema_migrations"'::regclass
 AND cons.contype = 'p'
 AND def.adsrc ~* 'nextval'
[0m
  [1m[35mSQL (0.4ms)[0m  COMMIT
Migrating to AddAdminToUsers (20110320194323)
  [1m[36mSQL (0.2ms)[0m  [1mBEGIN[0m
  [1m[35mSQL (0.4ms)[0m  ALTER TABLE "users" ADD COLUMN "admin" boolean
  [1m[36mSQL (0.5ms)[0m  [1mALTER TABLE "users" ALTER COLUMN "admin" SET DEFAULT 'f'[0m
  [1m[35mSQL (0.7ms)[0m   SELECT a.attname, format_type(a.atttypid, a.atttypmod), d.adsrc, a.attnotnull
 FROM pg_attribute a LEFT JOIN pg_attrdef d
 ON a.attrelid = d.adrelid AND a.attnum = d.adnum
 WHERE a.attrelid = '"schema_migrations"'::regclass
 AND a.attnum > 0 AND NOT a.attisdropped
 ORDER BY a.attnum
  [1m[36mPK and serial sequence (2.7ms)[0m  [1m SELECT attr.attname, seq.relname
 FROM pg_class seq,
 pg_attribute attr,
 pg_depend dep,
 pg_namespace name,
 pg_constraint cons
 WHERE seq.oid = dep.objid
 AND seq.relkind = 'S'
 AND attr.attrelid = dep.refobjid
 AND attr.attnum = dep.refobjsubid
 AND attr.attrelid = cons.conrelid
 AND attr.attnum = cons.conkey[1]
 AND cons.contype = 'p'
 AND dep.refobjid = '"schema_migrations"'::regclass
[0m
  [1m[35mPK and custom sequence (1.3ms)[0m   SELECT attr.attname,
 CASE
 WHEN split_part(def.adsrc, '''', 2) ~ '.' THEN
 substr(split_part(def.adsrc, '''', 2),
 strpos(split_part(def.adsrc, '''', 2), '.')+1)
 ELSE split_part(def.adsrc, '''', 2)
 END
 FROM pg_class t
 JOIN pg_attribute attr ON (t.oid = attrelid)
 JOIN pg_attrdef def ON (adrelid = attrelid AND adnum = attnum)
 JOIN pg_constraint cons ON (conrelid = adrelid AND adnum = conkey[1])
 WHERE t.oid = '"schema_migrations"'::regclass
 AND cons.contype = 'p'
 AND def.adsrc ~* 'nextval'
  [1m[36mSQL (0.2ms)[0m  [1mINSERT INTO "schema_migrations" ("version") VALUES ('20110320194323')[0m
  [1m[35mPK and serial sequence (2.6ms)[0m   SELECT attr.attname, seq.relname
 FROM pg_class seq,
 pg_attribute attr,
 pg_depend dep,
 pg_namespace name,
 pg_constraint cons
 WHERE seq.oid = dep.objid
 AND seq.relkind = 'S'
 AND attr.attrelid = dep.refobjid
 AND attr.attnum = dep.refobjsubid
 AND attr.attrelid = cons.conrelid
 AND attr.attnum = cons.conkey[1]
 AND cons.contype = 'p'
 AND dep.refobjid = '"schema_migrations"'::regclass
  [1m[36mPK and custom sequence (1.2ms)[0m  [1m SELECT attr.attname,
 CASE
 WHEN split_part(def.adsrc, '''', 2) ~ '.' THEN
 substr(split_part(def.adsrc, '''', 2),
 strpos(split_part(def.adsrc, '''', 2), '.')+1)
 ELSE split_part(def.adsrc, '''', 2)
 END
 FROM pg_class t
 JOIN pg_attribute attr ON (t.oid = attrelid)
 JOIN pg_attrdef def ON (adrelid = attrelid AND adnum = attnum)
 JOIN pg_constraint cons ON (conrelid = adrelid AND adnum = conkey[1])
 WHERE t.oid = '"schema_migrations"'::regclass
 AND cons.contype = 'p'
 AND def.adsrc ~* 'nextval'
[0m
  [1m[35mSQL (0.4ms)[0m  COMMIT
Migrating to CreateMicroposts (20110320204235)
  [1m[36mSQL (0.2ms)[0m  [1mBEGIN[0m
  [1m[35mSQL (3.7ms)[0m  CREATE TABLE "microposts" ("id" serial primary key, "content" character varying(255), "user_id" integer, "created_at" timestamp, "updated_at" timestamp) 
  [1m[36mSQL (1.1ms)[0m  [1m SELECT distinct i.relname, d.indisunique, d.indkey, t.oid
 FROM pg_class t, pg_class i, pg_index d
 WHERE i.relkind = 'i'
 AND d.indexrelid = i.oid
 AND d.indisprimary = 'f'
 AND t.oid = d.indrelid
 AND t.relname = 'microposts'
 AND i.relnamespace IN (SELECT oid FROM pg_namespace WHERE nspname IN ('"$user"','public') )
 ORDER BY i.relname
[0m
  [1m[35mSQL (0.9ms)[0m  CREATE INDEX "index_microposts_on_user_id" ON "microposts" ("user_id")
  [1m[36mSQL (0.5ms)[0m  [1m SELECT a.attname, format_type(a.atttypid, a.atttypmod), d.adsrc, a.attnotnull
 FROM pg_attribute a LEFT JOIN pg_attrdef d
 ON a.attrelid = d.adrelid AND a.attnum = d.adnum
 WHERE a.attrelid = '"schema_migrations"'::regclass
 AND a.attnum > 0 AND NOT a.attisdropped
 ORDER BY a.attnum
[0m
  [1m[35mPK and serial sequence (2.7ms)[0m   SELECT attr.attname, seq.relname
 FROM pg_class seq,
 pg_attribute attr,
 pg_depend dep,
 pg_namespace name,
 pg_constraint cons
 WHERE seq.oid = dep.objid
 AND seq.relkind = 'S'
 AND attr.attrelid = dep.refobjid
 AND attr.attnum = dep.refobjsubid
 AND attr.attrelid = cons.conrelid
 AND attr.attnum = cons.conkey[1]
 AND cons.contype = 'p'
 AND dep.refobjid = '"schema_migrations"'::regclass
  [1m[36mPK and custom sequence (1.3ms)[0m  [1m SELECT attr.attname,
 CASE
 WHEN split_part(def.adsrc, '''', 2) ~ '.' THEN
 substr(split_part(def.adsrc, '''', 2),
 strpos(split_part(def.adsrc, '''', 2), '.')+1)
 ELSE split_part(def.adsrc, '''', 2)
 END
 FROM pg_class t
 JOIN pg_attribute attr ON (t.oid = attrelid)
 JOIN pg_attrdef def ON (adrelid = attrelid AND adnum = attnum)
 JOIN pg_constraint cons ON (conrelid = adrelid AND adnum = conkey[1])
 WHERE t.oid = '"schema_migrations"'::regclass
 AND cons.contype = 'p'
 AND def.adsrc ~* 'nextval'
[0m
  [1m[35mSQL (0.2ms)[0m  INSERT INTO "schema_migrations" ("version") VALUES ('20110320204235')
  [1m[36mPK and serial sequence (2.6ms)[0m  [1m SELECT attr.attname, seq.relname
 FROM pg_class seq,
 pg_attribute attr,
 pg_depend dep,
 pg_namespace name,
 pg_constraint cons
 WHERE seq.oid = dep.objid
 AND seq.relkind = 'S'
 AND attr.attrelid = dep.refobjid
 AND attr.attnum = dep.refobjsubid
 AND attr.attrelid = cons.conrelid
 AND attr.attnum = cons.conkey[1]
 AND cons.contype = 'p'
 AND dep.refobjid = '"schema_migrations"'::regclass
[0m
  [1m[35mPK and custom sequence (1.2ms)[0m   SELECT attr.attname,
 CASE
 WHEN split_part(def.adsrc, '''', 2) ~ '.' THEN
 substr(split_part(def.adsrc, '''', 2),
 strpos(split_part(def.adsrc, '''', 2), '.')+1)
 ELSE split_part(def.adsrc, '''', 2)
 END
 FROM pg_class t
 JOIN pg_attribute attr ON (t.oid = attrelid)
 JOIN pg_attrdef def ON (adrelid = attrelid AND adnum = attnum)
 JOIN pg_constraint cons ON (conrelid = adrelid AND adnum = conkey[1])
 WHERE t.oid = '"schema_migrations"'::regclass
 AND cons.contype = 'p'
 AND def.adsrc ~* 'nextval'
  [1m[36mSQL (0.6ms)[0m  [1mCOMMIT[0m
Migrating to CreateRelationships (20110321011810)
  [1m[35mSQL (0.3ms)[0m  BEGIN
  [1m[36mSQL (4.1ms)[0m  [1mCREATE TABLE "relationships" ("id" serial primary key, "follower_id" integer, "followed_id" integer, "created_at" timestamp, "updated_at" timestamp) [0m
  [1m[35mSQL (1.3ms)[0m   SELECT distinct i.relname, d.indisunique, d.indkey, t.oid
 FROM pg_class t, pg_class i, pg_index d
 WHERE i.relkind = 'i'
 AND d.indexrelid = i.oid
 AND d.indisprimary = 'f'
 AND t.oid = d.indrelid
 AND t.relname = 'relationships'
 AND i.relnamespace IN (SELECT oid FROM pg_namespace WHERE nspname IN ('"$user"','public') )
 ORDER BY i.relname
  [1m[36mSQL (1.1ms)[0m  [1mCREATE INDEX "index_relationships_on_follower_id" ON "relationships" ("follower_id")[0m
  [1m[35mSQL (1.0ms)[0m   SELECT distinct i.relname, d.indisunique, d.indkey, t.oid
 FROM pg_class t, pg_class i, pg_index d
 WHERE i.relkind = 'i'
 AND d.indexrelid = i.oid
 AND d.indisprimary = 'f'
 AND t.oid = d.indrelid
 AND t.relname = 'relationships'
 AND i.relnamespace IN (SELECT oid FROM pg_namespace WHERE nspname IN ('"$user"','public') )
 ORDER BY i.relname
  [1m[36mColumns for index index_relationships_on_follower_id on relationships (0.3ms)[0m  [1m SELECT a.attnum, a.attname
 FROM pg_attribute a
 WHERE a.attrelid = 49193
 AND a.attnum IN (2)
[0m
  [1m[35mSQL (0.9ms)[0m  CREATE INDEX "index_relationships_on_followed_id" ON "relationships" ("followed_id")
  [1m[36mSQL (1.1ms)[0m  [1m SELECT distinct i.relname, d.indisunique, d.indkey, t.oid
 FROM pg_class t, pg_class i, pg_index d
 WHERE i.relkind = 'i'
 AND d.indexrelid = i.oid
 AND d.indisprimary = 'f'
 AND t.oid = d.indrelid
 AND t.relname = 'relationships'
 AND i.relnamespace IN (SELECT oid FROM pg_namespace WHERE nspname IN ('"$user"','public') )
 ORDER BY i.relname
[0m
  [1m[35mColumns for index index_relationships_on_followed_id on relationships (0.2ms)[0m   SELECT a.attnum, a.attname
 FROM pg_attribute a
 WHERE a.attrelid = 49193
 AND a.attnum IN (3)
  [1m[36mColumns for index index_relationships_on_follower_id on relationships (0.3ms)[0m  [1m SELECT a.attnum, a.attname
 FROM pg_attribute a
 WHERE a.attrelid = 49193
 AND a.attnum IN (2)
[0m
  [1m[35mSQL (1.0ms)[0m  CREATE UNIQUE INDEX "index_relationships_on_follower_id_and_followed_id" ON "relationships" ("follower_id", "followed_id")
  [1m[36mSQL (0.5ms)[0m  [1m SELECT a.attname, format_type(a.atttypid, a.atttypmod), d.adsrc, a.attnotnull
 FROM pg_attribute a LEFT JOIN pg_attrdef d
 ON a.attrelid = d.adrelid AND a.attnum = d.adnum
 WHERE a.attrelid = '"schema_migrations"'::regclass
 AND a.attnum > 0 AND NOT a.attisdropped
 ORDER BY a.attnum
[0m
  [1m[35mPK and serial sequence (2.7ms)[0m   SELECT attr.attname, seq.relname
 FROM pg_class seq,
 pg_attribute attr,
 pg_depend dep,
 pg_namespace name,
 pg_constraint cons
 WHERE seq.oid = dep.objid
 AND seq.relkind = 'S'
 AND attr.attrelid = dep.refobjid
 AND attr.attnum = dep.refobjsubid
 AND attr.attrelid = cons.conrelid
 AND attr.attnum = cons.conkey[1]
 AND cons.contype = 'p'
 AND dep.refobjid = '"schema_migrations"'::regclass
  [1m[36mPK and custom sequence (1.3ms)[0m  [1m SELECT attr.attname,
 CASE
 WHEN split_part(def.adsrc, '''', 2) ~ '.' THEN
 substr(split_part(def.adsrc, '''', 2),
 strpos(split_part(def.adsrc, '''', 2), '.')+1)
 ELSE split_part(def.adsrc, '''', 2)
 END
 FROM pg_class t
 JOIN pg_attribute attr ON (t.oid = attrelid)
 JOIN pg_attrdef def ON (adrelid = attrelid AND adnum = attnum)
 JOIN pg_constraint cons ON (conrelid = adrelid AND adnum = conkey[1])
 WHERE t.oid = '"schema_migrations"'::regclass
 AND cons.contype = 'p'
 AND def.adsrc ~* 'nextval'
[0m
  [1m[35mSQL (0.2ms)[0m  INSERT INTO "schema_migrations" ("version") VALUES ('20110321011810')
  [1m[36mPK and serial sequence (2.7ms)[0m  [1m SELECT attr.attname, seq.relname
 FROM pg_class seq,
 pg_attribute attr,
 pg_depend dep,
 pg_namespace name,
 pg_constraint cons
 WHERE seq.oid = dep.objid
 AND seq.relkind = 'S'
 AND attr.attrelid = dep.refobjid
 AND attr.attnum = dep.refobjsubid
 AND attr.attrelid = cons.conrelid
 AND attr.attnum = cons.conkey[1]
 AND cons.contype = 'p'
 AND dep.refobjid = '"schema_migrations"'::regclass
[0m
  [1m[35mPK and custom sequence (1.2ms)[0m   SELECT attr.attname,
 CASE
 WHEN split_part(def.adsrc, '''', 2) ~ '.' THEN
 substr(split_part(def.adsrc, '''', 2),
 strpos(split_part(def.adsrc, '''', 2), '.')+1)
 ELSE split_part(def.adsrc, '''', 2)
 END
 FROM pg_class t
 JOIN pg_attribute attr ON (t.oid = attrelid)
 JOIN pg_attrdef def ON (adrelid = attrelid AND adnum = attnum)
 JOIN pg_constraint cons ON (conrelid = adrelid AND adnum = conkey[1])
 WHERE t.oid = '"schema_migrations"'::regclass
 AND cons.contype = 'p'
 AND def.adsrc ~* 'nextval'
  [1m[36mSQL (1.0ms)[0m  [1mCOMMIT[0m
  [1m[35mSQL (1.2ms)[0m   SELECT COUNT(*)
 FROM pg_tables
 WHERE tablename = 'schema_migrations'
 
  [1m[36mSQL (0.6ms)[0m  [1m SELECT a.attname, format_type(a.atttypid, a.atttypmod), d.adsrc, a.attnotnull
 FROM pg_attribute a LEFT JOIN pg_attrdef d
 ON a.attrelid = d.adrelid AND a.attnum = d.adnum
 WHERE a.attrelid = '"schema_migrations"'::regclass
 AND a.attnum > 0 AND NOT a.attisdropped
 ORDER BY a.attnum
[0m
  [1m[35mSQL (0.2ms)[0m  SELECT "schema_migrations"."version" FROM "schema_migrations"
  [1m[36mSQL (0.8ms)[0m  [1m SELECT tablename
 FROM pg_tables
 WHERE schemaname = ANY (current_schemas(false))
[0m
  [1m[35mSQL (1.4ms)[0m   SELECT a.attname, format_type(a.atttypid, a.atttypmod), d.adsrc, a.attnotnull
 FROM pg_attribute a LEFT JOIN pg_attrdef d
 ON a.attrelid = d.adrelid AND a.attnum = d.adnum
 WHERE a.attrelid = '"microposts"'::regclass
 AND a.attnum > 0 AND NOT a.attisdropped
 ORDER BY a.attnum
  [1m[36mPK and serial sequence (3.7ms)[0m  [1m SELECT attr.attname, seq.relname
 FROM pg_class seq,
 pg_attribute attr,
 pg_depend dep,
 pg_namespace name,
 pg_constraint cons
 WHERE seq.oid = dep.objid
 AND seq.relkind = 'S'
 AND attr.attrelid = dep.refobjid
 AND attr.attnum = dep.refobjsubid
 AND attr.attrelid = cons.conrelid
 AND attr.attnum = cons.conkey[1]
 AND cons.contype = 'p'
 AND dep.refobjid = '"microposts"'::regclass
[0m
  [1m[35mSQL (1.2ms)[0m   SELECT distinct i.relname, d.indisunique, d.indkey, t.oid
 FROM pg_class t, pg_class i, pg_index d
 WHERE i.relkind = 'i'
 AND d.indexrelid = i.oid
 AND d.indisprimary = 'f'
 AND t.oid = d.indrelid
 AND t.relname = 'microposts'
 AND i.relnamespace IN (SELECT oid FROM pg_namespace WHERE nspname IN ('"$user"','public') )
 ORDER BY i.relname
  [1m[36mColumns for index index_microposts_on_user_id on microposts (0.3ms)[0m  [1m SELECT a.attnum, a.attname
 FROM pg_attribute a
 WHERE a.attrelid = 49184
 AND a.attnum IN (3)
[0m
  [1m[35mSQL (0.6ms)[0m   SELECT a.attname, format_type(a.atttypid, a.atttypmod), d.adsrc, a.attnotnull
 FROM pg_attribute a LEFT JOIN pg_attrdef d
 ON a.attrelid = d.adrelid AND a.attnum = d.adnum
 WHERE a.attrelid = '"relationships"'::regclass
 AND a.attnum > 0 AND NOT a.attisdropped
 ORDER BY a.attnum
  [1m[36mPK and serial sequence (3.2ms)[0m  [1m SELECT attr.attname, seq.relname
 FROM pg_class seq,
 pg_attribute attr,
 pg_depend dep,
 pg_namespace name,
 pg_constraint cons
 WHERE seq.oid = dep.objid
 AND seq.relkind = 'S'
 AND attr.attrelid = dep.refobjid
 AND attr.attnum = dep.refobjsubid
 AND attr.attrelid = cons.conrelid
 AND attr.attnum = cons.conkey[1]
 AND cons.contype = 'p'
 AND dep.refobjid = '"relationships"'::regclass
[0m
  [1m[35mSQL (1.1ms)[0m   SELECT distinct i.relname, d.indisunique, d.indkey, t.oid
 FROM pg_class t, pg_class i, pg_index d
 WHERE i.relkind = 'i'
 AND d.indexrelid = i.oid
 AND d.indisprimary = 'f'
 AND t.oid = d.indrelid
 AND t.relname = 'relationships'
 AND i.relnamespace IN (SELECT oid FROM pg_namespace WHERE nspname IN ('"$user"','public') )
 ORDER BY i.relname
  [1m[36mColumns for index index_relationships_on_followed_id on relationships (0.3ms)[0m  [1m SELECT a.attnum, a.attname
 FROM pg_attribute a
 WHERE a.attrelid = 49193
 AND a.attnum IN (3)
[0m
  [1m[35mColumns for index index_relationships_on_follower_id on relationships (0.2ms)[0m   SELECT a.attnum, a.attname
 FROM pg_attribute a
 WHERE a.attrelid = 49193
 AND a.attnum IN (2)
  [1m[36mColumns for index index_relationships_on_follower_id_and_followed_id on relationships (0.3ms)[0m  [1m SELECT a.attnum, a.attname
 FROM pg_attribute a
 WHERE a.attrelid = 49193
 AND a.attnum IN (2,3)
[0m
  [1m[35mSQL (0.6ms)[0m   SELECT a.attname, format_type(a.atttypid, a.atttypmod), d.adsrc, a.attnotnull
 FROM pg_attribute a LEFT JOIN pg_attrdef d
 ON a.attrelid = d.adrelid AND a.attnum = d.adnum
 WHERE a.attrelid = '"users"'::regclass
 AND a.attnum > 0 AND NOT a.attisdropped
 ORDER BY a.attnum
  [1m[36mPK and serial sequence (2.8ms)[0m  [1m SELECT attr.attname, seq.relname
 FROM pg_class seq,
 pg_attribute attr,
 pg_depend dep,
 pg_namespace name,
 pg_constraint cons
 WHERE seq.oid = dep.objid
 AND seq.relkind = 'S'
 AND attr.attrelid = dep.refobjid
 AND attr.attnum = dep.refobjsubid
 AND attr.attrelid = cons.conrelid
 AND attr.attnum = cons.conkey[1]
 AND cons.contype = 'p'
 AND dep.refobjid = '"users"'::regclass
[0m
  [1m[35mSQL (1.0ms)[0m   SELECT distinct i.relname, d.indisunique, d.indkey, t.oid
 FROM pg_class t, pg_class i, pg_index d
 WHERE i.relkind = 'i'
 AND d.indexrelid = i.oid
 AND d.indisprimary = 'f'
 AND t.oid = d.indrelid
 AND t.relname = 'users'
 AND i.relnamespace IN (SELECT oid FROM pg_namespace WHERE nspname IN ('"$user"','public') )
 ORDER BY i.relname


Started GET "/" for 127.0.0.1 at 2011-03-22 15:37:40 -0700
  [1m[36mSQL (0.3ms)[0m  [1mSHOW client_min_messages[0m
  [1m[35mSQL (0.1ms)[0m  SET client_min_messages TO 'panic'
  [1m[36mSQL (0.1ms)[0m  [1mSET standard_conforming_strings = on[0m
  [1m[35mSQL (0.1ms)[0m  SET client_min_messages TO 'notice'
  [1m[36mSQL (0.4ms)[0m  [1mSET time zone 'UTC'[0m
  [1m[35mSQL (0.1ms)[0m  SHOW TIME ZONE

ActionController::RoutingError (No route matches "/"):
  

Rendered /opt/local/lib/ruby1.9/gems/1.9.1/gems/actionpack-3.0.5/lib/action_dispatch/middleware/templates/rescues/routing_error.erb within rescues/layout (0.9ms)


Started GET "/" for 127.0.0.1 at 2011-03-22 15:38:49 -0700

NameError (uninitialized constant Versionfeed):
  config/routes.rb:1:in `<top (required)>'

Rendered /opt/local/lib/ruby1.9/gems/1.9.1/gems/actionpack-3.0.5/lib/action_dispatch/middleware/templates/rescues/_trace.erb (1.0ms)
Rendered /opt/local/lib/ruby1.9/gems/1.9.1/gems/actionpack-3.0.5/lib/action_dispatch/middleware/templates/rescues/_request_and_response.erb (6.2ms)
Rendered /opt/local/lib/ruby1.9/gems/1.9.1/gems/actionpack-3.0.5/lib/action_dispatch/middleware/templates/rescues/diagnostics.erb within rescues/layout (32.6ms)
